This is pdfTeX, Version 3.1415926-2.5-1.40.14 (TeX Live 2013/Debian) (format=pdflatex 2016.5.30)  9 FEB 2017 21:58
entering extended mode
 restricted \write18 enabled.
 %&-line parsing enabled.
**education_example_document.tex
(./education_example_document.tex
LaTeX2e <2011/06/27>
Babel <3.9h> and hyphenation patterns for 78 languages loaded.
(/usr/share/texlive/texmf-dist/tex/latex/base/article.cls
Document Class: article 2007/10/19 v1.4h Standard LaTeX document class
(/usr/share/texlive/texmf-dist/tex/latex/base/fleqn.clo
File: fleqn.clo 1998/08/17 v1.1c Standard LaTeX option (flush left equations)
\mathindent=\dimen102
)
(/usr/share/texlive/texmf-dist/tex/latex/base/size11.clo
File: size11.clo 2007/10/19 v1.4h Standard LaTeX file (size option)
)
\c@part=\count79
\c@section=\count80
\c@subsection=\count81
\c@subsubsection=\count82
\c@paragraph=\count83
\c@subparagraph=\count84
\c@figure=\count85
\c@table=\count86
\abovecaptionskip=\skip41
\belowcaptionskip=\skip42
\bibindent=\dimen103
)
(/usr/share/texlive/texmf-dist/tex/latex/tools/bm.sty
Package: bm 2004/02/26 v1.1c Bold Symbol Support (DPC/FMi)
\symboldoperators=\mathgroup4
\symboldletters=\mathgroup5
\symboldsymbols=\mathgroup6
LaTeX Font Info:    Redeclaring math alphabet \mathbf on input line 138.
LaTeX Info: Redefining \bm on input line 204.
)
(/usr/share/texlive/texmf-dist/tex/latex/graphics/graphicx.sty
Package: graphicx 1999/02/16 v1.0f Enhanced LaTeX Graphics (DPC,SPQR)

(/usr/share/texlive/texmf-dist/tex/latex/graphics/keyval.sty
Package: keyval 1999/03/16 v1.13 key=value parser (DPC)
\KV@toks@=\toks14
)
(/usr/share/texlive/texmf-dist/tex/latex/graphics/graphics.sty
Package: graphics 2009/02/05 v1.0o Standard LaTeX Graphics (DPC,SPQR)

(/usr/share/texlive/texmf-dist/tex/latex/graphics/trig.sty
Package: trig 1999/03/16 v1.09 sin cos tan (DPC)
)
(/usr/share/texlive/texmf-dist/tex/latex/latexconfig/graphics.cfg
File: graphics.cfg 2010/04/23 v1.9 graphics configuration of TeX Live
)
Package graphics Info: Driver file: pdftex.def on input line 91.

(/usr/share/texlive/texmf-dist/tex/latex/pdftex-def/pdftex.def
File: pdftex.def 2011/05/27 v0.06d Graphics/color for pdfTeX

(/usr/share/texlive/texmf-dist/tex/generic/oberdiek/infwarerr.sty
Package: infwarerr 2010/04/08 v1.3 Providing info/warning/error messages (HO)
)
(/usr/share/texlive/texmf-dist/tex/generic/oberdiek/ltxcmds.sty
Package: ltxcmds 2011/11/09 v1.22 LaTeX kernel commands for general use (HO)
)
\Gread@gobject=\count87
))
\Gin@req@height=\dimen104
\Gin@req@width=\dimen105
)
(/usr/share/texlive/texmf-dist/tex/latex/lastpage/lastpage.sty
Package: lastpage 2013/01/28 v1.2l Refers to last page's name (HMM; JPG)
)
(/usr/share/texlive/texmf-dist/tex/latex/datetime/datetime.sty
Package: datetime 2013/09/10 v2.59 Date Time Package

(/usr/share/texlive/texmf-dist/tex/latex/etoolbox/etoolbox.sty
Package: etoolbox 2011/01/03 v2.1 e-TeX tools for LaTeX

(/usr/share/texlive/texmf-dist/tex/latex/etex-pkg/etex.sty
Package: etex 1998/03/26 v2.0 eTeX basic definition package (PEB)
\et@xins=\count88
)
\etb@tempcnta=\count89
)
(/usr/share/texlive/texmf-dist/tex/latex/fmtcount/fmtcount.sty
Package: fmtcount 2013/08/17 v2.03

(/usr/share/texlive/texmf-dist/tex/latex/base/ifthen.sty
Package: ifthen 2001/05/26 v1.1c Standard LaTeX ifthen package (DPC)
)
(/usr/share/texlive/texmf-dist/tex/latex/fmtcount/fcprefix.sty
Package: fcprefix 2012/09/28

(/usr/share/texlive/texmf-dist/tex/latex/fmtcount/fcnumparser.sty
Package: fcnumparser 2012/09/28
\fc@digit@counter=\count90
))
(/usr/share/texlive/texmf-dist/tex/latex/amsmath/amsgen.sty
File: amsgen.sty 1999/11/30 v2.0
\@emptytoks=\toks15
\ex@=\dimen106
)
\c@padzeroesN=\count91
\fc@tmpcatcode=\count92
\@DT@modctr=\count93
\@ordinalctr=\count94
\@orgargctr=\count95
\@strctr=\count96
\@tmpstrctr=\count97
\@DT@loopN=\count98
\@DT@X=\count99

(/usr/share/texlive/texmf-dist/tex/latex/fmtcount/fc-english.def
File: fc-english.def 2013/08/17
))
(/usr/share/texlive/texmf-dist/tex/latex/datetime/datetime-defaults.sty
Package: datetime-defaults 2013/09/10
)
\@day=\count100
\@month=\count101
\@year=\count102
\c@HOUR=\count103
\c@HOURXII=\count104
\c@MINUTE=\count105
\c@TOHOUR=\count106
\c@TOMINUTE=\count107
\c@SECOND=\count108
\currenthour=\count109
\currentminute=\count110
\currentsecond=\count111
Package datetime Info: No datetime.cfg file found, using default settings on in
put line 308.
\@dtctr=\count112
\dayofyear=\count113
\dayofweek=\count114
LaTeX Info: Redefining \today on input line 736.
\dt@a=\toks16
\dt@b=\toks17
)
(/usr/share/texlive/texmf-dist/tex/latex/fancyhdr/fancyhdr.sty
\fancy@headwidth=\skip43
\f@ncyO@elh=\skip44
\f@ncyO@erh=\skip45
\f@ncyO@olh=\skip46
\f@ncyO@orh=\skip47
\f@ncyO@elf=\skip48
\f@ncyO@erf=\skip49
\f@ncyO@olf=\skip50
\f@ncyO@orf=\skip51
)
(/usr/share/texlive/texmf-dist/tex/latex/amsmath/amsmath.sty
Package: amsmath 2013/01/14 v2.14 AMS math features
\@mathmargin=\skip52

For additional information on amsmath, use the `?' option.
(/usr/share/texlive/texmf-dist/tex/latex/amsmath/amstext.sty
Package: amstext 2000/06/29 v2.01
)
(/usr/share/texlive/texmf-dist/tex/latex/amsmath/amsbsy.sty
Package: amsbsy 1999/11/29 v1.2d
LaTeX Info: Redefining \boldsymbol on input line 39.
\pmbraise@=\dimen107
)
(/usr/share/texlive/texmf-dist/tex/latex/amsmath/amsopn.sty
Package: amsopn 1999/12/14 v2.01 operator names
)
\inf@bad=\count115
LaTeX Info: Redefining \frac on input line 210.
\uproot@=\count116
\leftroot@=\count117
LaTeX Info: Redefining \overline on input line 306.
\classnum@=\count118
\DOTSCASE@=\count119
LaTeX Info: Redefining \ldots on input line 378.
LaTeX Info: Redefining \dots on input line 381.
LaTeX Info: Redefining \cdots on input line 466.
\Mathstrutbox@=\box26
\strutbox@=\box27
\big@size=\dimen108
LaTeX Font Info:    Redeclaring font encoding OML on input line 566.
LaTeX Font Info:    Redeclaring font encoding OMS on input line 567.
\macc@depth=\count120
\c@MaxMatrixCols=\count121
\dotsspace@=\muskip10
\c@parentequation=\count122
\dspbrk@lvl=\count123
\tag@help=\toks18
\row@=\count124
\column@=\count125
\maxfields@=\count126
\andhelp@=\toks19
\eqnshift@=\dimen109
\alignsep@=\dimen110
\tagshift@=\dimen111
\tagwidth@=\dimen112
\totwidth@=\dimen113
\lineht@=\dimen114
\@envbody=\toks20
\multlinegap=\skip53
\multlinetaggap=\skip54
\mathdisplay@stack=\toks21
LaTeX Info: Redefining \[ on input line 2665.
LaTeX Info: Redefining \] on input line 2666.
)
(/usr/share/texlive/texmf-dist/tex/latex/float/float.sty
Package: float 2001/11/08 v1.3d Float enhancements (AL)
\c@float@type=\count127
\float@exts=\toks22
\float@box=\box28
\@float@everytoks=\toks23
\@floatcapt=\box29
)
(/usr/share/texlive/texmf-dist/tex/latex/hyperref/hyperref.sty
Package: hyperref 2012/11/06 v6.83m Hypertext links for LaTeX

(/usr/share/texlive/texmf-dist/tex/generic/oberdiek/hobsub-hyperref.sty
Package: hobsub-hyperref 2012/05/28 v1.13 Bundle oberdiek, subset hyperref (HO)


(/usr/share/texlive/texmf-dist/tex/generic/oberdiek/hobsub-generic.sty
Package: hobsub-generic 2012/05/28 v1.13 Bundle oberdiek, subset generic (HO)
Package: hobsub 2012/05/28 v1.13 Construct package bundles (HO)
Package hobsub Info: Skipping package `infwarerr' (already loaded).
Package hobsub Info: Skipping package `ltxcmds' (already loaded).
Package: ifluatex 2010/03/01 v1.3 Provides the ifluatex switch (HO)
Package ifluatex Info: LuaTeX not detected.
Package: ifvtex 2010/03/01 v1.5 Detect VTeX and its facilities (HO)
Package ifvtex Info: VTeX not detected.
Package: intcalc 2007/09/27 v1.1 Expandable calculations with integers (HO)
Package: ifpdf 2011/01/30 v2.3 Provides the ifpdf switch (HO)
Package ifpdf Info: pdfTeX in PDF mode is detected.
Package: etexcmds 2011/02/16 v1.5 Avoid name clashes with e-TeX commands (HO)
Package etexcmds Info: Could not find \expanded.
(etexcmds)             That can mean that you are not using pdfTeX 1.50 or
(etexcmds)             that some package has redefined \expanded.
(etexcmds)             In the latter case, load this package earlier.
Package: kvsetkeys 2012/04/25 v1.16 Key value parser (HO)
Package: kvdefinekeys 2011/04/07 v1.3 Define keys (HO)
Package: pdftexcmds 2011/11/29 v0.20 Utility functions of pdfTeX for LuaTeX (HO
)
Package pdftexcmds Info: LuaTeX not detected.
Package pdftexcmds Info: \pdf@primitive is available.
Package pdftexcmds Info: \pdf@ifprimitive is available.
Package pdftexcmds Info: \pdfdraftmode found.
Package: pdfescape 2011/11/25 v1.13 Implements pdfTeX's escape features (HO)
Package: bigintcalc 2012/04/08 v1.3 Expandable calculations on big integers (HO
)
Package: bitset 2011/01/30 v1.1 Handle bit-vector datatype (HO)
Package: uniquecounter 2011/01/30 v1.2 Provide unlimited unique counter (HO)
)
Package hobsub Info: Skipping package `hobsub' (already loaded).
Package: letltxmacro 2010/09/02 v1.4 Let assignment for LaTeX macros (HO)
Package: hopatch 2012/05/28 v1.2 Wrapper for package hooks (HO)
Package: xcolor-patch 2011/01/30 xcolor patch
Package: atveryend 2011/06/30 v1.8 Hooks at the very end of document (HO)
Package: atbegshi 2011/10/05 v1.16 At begin shipout hook (HO)
Package: refcount 2011/10/16 v3.4 Data extraction from label references (HO)
Package: hycolor 2011/01/30 v1.7 Color options for hyperref/bookmark (HO)
)
(/usr/share/texlive/texmf-dist/tex/generic/ifxetex/ifxetex.sty
Package: ifxetex 2010/09/12 v0.6 Provides ifxetex conditional
)
(/usr/share/texlive/texmf-dist/tex/latex/oberdiek/auxhook.sty
Package: auxhook 2011/03/04 v1.3 Hooks for auxiliary files (HO)
)
(/usr/share/texlive/texmf-dist/tex/latex/oberdiek/kvoptions.sty
Package: kvoptions 2011/06/30 v3.11 Key value format for package options (HO)
)
\@linkdim=\dimen115
\Hy@linkcounter=\count128
\Hy@pagecounter=\count129

(/usr/share/texlive/texmf-dist/tex/latex/hyperref/pd1enc.def
File: pd1enc.def 2012/11/06 v6.83m Hyperref: PDFDocEncoding definition (HO)
)
\Hy@SavedSpaceFactor=\count130

(/usr/share/texlive/texmf-dist/tex/latex/latexconfig/hyperref.cfg
File: hyperref.cfg 2002/06/06 v1.2 hyperref configuration of TeXLive
)
Package hyperref Info: Hyper figures OFF on input line 4443.
Package hyperref Info: Link nesting OFF on input line 4448.
Package hyperref Info: Hyper index ON on input line 4451.
Package hyperref Info: Plain pages OFF on input line 4458.
Package hyperref Info: Backreferencing OFF on input line 4463.
Package hyperref Info: Implicit mode ON; LaTeX internals redefined.
Package hyperref Info: Bookmarks ON on input line 4688.
\c@Hy@tempcnt=\count131

(/usr/share/texlive/texmf-dist/tex/latex/url/url.sty
\Urlmuskip=\muskip11
Package: url 2013/09/16  ver 3.4  Verb mode for urls, etc.
)
LaTeX Info: Redefining \url on input line 5041.
\XeTeXLinkMargin=\dimen116
\Fld@menulength=\count132
\Field@Width=\dimen117
\Fld@charsize=\dimen118
Package hyperref Info: Hyper figures OFF on input line 6295.
Package hyperref Info: Link nesting OFF on input line 6300.
Package hyperref Info: Hyper index ON on input line 6303.
Package hyperref Info: backreferencing OFF on input line 6310.
Package hyperref Info: Link coloring OFF on input line 6315.
Package hyperref Info: Link coloring with OCG OFF on input line 6320.
Package hyperref Info: PDF/A mode OFF on input line 6325.
LaTeX Info: Redefining \ref on input line 6365.
LaTeX Info: Redefining \pageref on input line 6369.
\Hy@abspage=\count133
\c@Item=\count134
\c@Hfootnote=\count135
)

Package hyperref Message: Driver (autodetected): hpdftex.

(/usr/share/texlive/texmf-dist/tex/latex/hyperref/hpdftex.def
File: hpdftex.def 2012/11/06 v6.83m Hyperref driver for pdfTeX
\Fld@listcount=\count136
\c@bookmark@seq@number=\count137

(/usr/share/texlive/texmf-dist/tex/latex/oberdiek/rerunfilecheck.sty
Package: rerunfilecheck 2011/04/15 v1.7 Rerun checks for auxiliary files (HO)
Package uniquecounter Info: New unique counter `rerunfilecheck' on input line 2
82.
)
\Hy@SectionHShift=\skip55
)
(/usr/share/texlive/texmf-dist/tex/latex/graphics/color.sty
Package: color 2005/11/14 v1.0j Standard LaTeX Color (DPC)

(/usr/share/texlive/texmf-dist/tex/latex/latexconfig/color.cfg
File: color.cfg 2007/01/18 v1.5 color configuration of teTeX/TeXLive
)
Package color Info: Driver file: pdftex.def on input line 130.
)
(/usr/share/texmf/tex/latex/xcolor/xcolor.sty
Package: xcolor 2007/01/21 v2.11 LaTeX color extensions (UK)

(/usr/share/texlive/texmf-dist/tex/latex/latexconfig/color.cfg
File: color.cfg 2007/01/18 v1.5 color configuration of teTeX/TeXLive
)
Package xcolor Info: Driver file: pdftex.def on input line 225.
LaTeX Info: Redefining \color on input line 702.
Package xcolor Info: Model `cmy' substituted by `cmy0' on input line 1337.
Package xcolor Info: Model `hsb' substituted by `rgb' on input line 1341.
Package xcolor Info: Model `RGB' extended on input line 1353.
Package xcolor Info: Model `HTML' substituted by `rgb' on input line 1355.
Package xcolor Info: Model `Hsb' substituted by `hsb' on input line 1356.
Package xcolor Info: Model `tHsb' substituted by `hsb' on input line 1357.
Package xcolor Info: Model `HSB' substituted by `hsb' on input line 1358.
Package xcolor Info: Model `Gray' substituted by `gray' on input line 1359.
Package xcolor Info: Model `wave' substituted by `hsb' on input line 1360.
)
(/usr/share/texlive/texmf-dist/tex/latex/listings/listings.sty
\lst@mode=\count138
\lst@gtempboxa=\box30
\lst@token=\toks24
\lst@length=\count139
\lst@currlwidth=\dimen119
\lst@column=\count140
\lst@pos=\count141
\lst@lostspace=\dimen120
\lst@width=\dimen121
\lst@newlines=\count142
\lst@lineno=\count143
\lst@maxwidth=\dimen122

(/usr/share/texlive/texmf-dist/tex/latex/listings/lstmisc.sty
File: lstmisc.sty 2013/08/26 1.5b (Carsten Heinz)
\c@lstnumber=\count144
\lst@skipnumbers=\count145
\lst@framebox=\box31
)
(/usr/share/texlive/texmf-dist/tex/latex/listings/listings.cfg
File: listings.cfg 2013/08/26 1.5b listings configuration
))
Package: listings 2013/08/26 1.5b (Carsten Heinz)

(/usr/share/texlive/texmf-dist/tex/latex/listings/lstlang1.sty
File: lstlang1.sty 2013/08/26 1.5b listings language file
)
(/usr/share/texlive/texmf-dist/tex/latex/listings/lstlang2.sty
File: lstlang2.sty 2013/08/26 1.5b listings language file
)
(/usr/share/texlive/texmf-dist/tex/latex/listings/lstmisc.sty
File: lstmisc.sty 2013/08/26 1.5b (Carsten Heinz)
)
(/usr/share/texlive/texmf-dist/tex/latex/tcolorbox/tcolorbox.sty
Package: tcolorbox 2014/02/06 version 2.70 text color boxes

(/usr/share/texmf/tex/latex/pgf/basiclayer/pgf.sty
(/usr/share/texmf/tex/latex/pgf/utilities/pgfrcs.sty
(/usr/share/texmf/tex/generic/pgf/utilities/pgfutil-common.tex
\pgfutil@everybye=\toks25
)
(/usr/share/texmf/tex/generic/pgf/utilities/pgfutil-latex.def
\pgfutil@abb=\box32

(/usr/share/texlive/texmf-dist/tex/latex/ms/everyshi.sty
Package: everyshi 2001/05/15 v3.00 EveryShipout Package (MS)
))
(/usr/share/texmf/tex/generic/pgf/utilities/pgfrcs.code.tex
Package: pgfrcs 2010/10/25 v2.10 (rcs-revision 1.24)
))
Package: pgf 2008/01/15 v2.10 (rcs-revision 1.12)

(/usr/share/texmf/tex/latex/pgf/basiclayer/pgfcore.sty
(/usr/share/texmf/tex/latex/pgf/systemlayer/pgfsys.sty
(/usr/share/texmf/tex/generic/pgf/systemlayer/pgfsys.code.tex
Package: pgfsys 2010/06/30 v2.10 (rcs-revision 1.37)

(/usr/share/texmf/tex/generic/pgf/utilities/pgfkeys.code.tex
\pgfkeys@pathtoks=\toks26
\pgfkeys@temptoks=\toks27

(/usr/share/texmf/tex/generic/pgf/utilities/pgfkeysfiltered.code.tex
\pgfkeys@tmptoks=\toks28
))
\pgf@x=\dimen123
\pgf@y=\dimen124
\pgf@xa=\dimen125
\pgf@ya=\dimen126
\pgf@xb=\dimen127
\pgf@yb=\dimen128
\pgf@xc=\dimen129
\pgf@yc=\dimen130
\w@pgf@writea=\write3
\r@pgf@reada=\read1
\c@pgf@counta=\count146
\c@pgf@countb=\count147
\c@pgf@countc=\count148
\c@pgf@countd=\count149

(/usr/share/texmf/tex/generic/pgf/systemlayer/pgf.cfg
File: pgf.cfg 2008/05/14  (rcs-revision 1.7)
)
Package pgfsys Info: Driver file for pgf: pgfsys-pdftex.def on input line 900.

(/usr/share/texmf/tex/generic/pgf/systemlayer/pgfsys-pdftex.def
File: pgfsys-pdftex.def 2009/05/22  (rcs-revision 1.26)

(/usr/share/texmf/tex/generic/pgf/systemlayer/pgfsys-common-pdf.def
File: pgfsys-common-pdf.def 2008/05/19  (rcs-revision 1.10)
)))
(/usr/share/texmf/tex/generic/pgf/systemlayer/pgfsyssoftpath.code.tex
File: pgfsyssoftpath.code.tex 2008/07/18  (rcs-revision 1.7)
\pgfsyssoftpath@smallbuffer@items=\count150
\pgfsyssoftpath@bigbuffer@items=\count151
)
(/usr/share/texmf/tex/generic/pgf/systemlayer/pgfsysprotocol.code.tex
File: pgfsysprotocol.code.tex 2006/10/16  (rcs-revision 1.4)
))
(/usr/share/texmf/tex/generic/pgf/basiclayer/pgfcore.code.tex
Package: pgfcore 2010/04/11 v2.10 (rcs-revision 1.7)

(/usr/share/texmf/tex/generic/pgf/math/pgfmath.code.tex
(/usr/share/texmf/tex/generic/pgf/math/pgfmathcalc.code.tex
(/usr/share/texmf/tex/generic/pgf/math/pgfmathutil.code.tex)
(/usr/share/texmf/tex/generic/pgf/math/pgfmathparser.code.tex
\pgfmath@dimen=\dimen131
\pgfmath@count=\count152
\pgfmath@box=\box33
\pgfmath@toks=\toks29
\pgfmath@stack@operand=\toks30
\pgfmath@stack@operation=\toks31
)
(/usr/share/texmf/tex/generic/pgf/math/pgfmathfunctions.code.tex
(/usr/share/texmf/tex/generic/pgf/math/pgfmathfunctions.basic.code.tex)
(/usr/share/texmf/tex/generic/pgf/math/pgfmathfunctions.trigonometric.code.tex)
(/usr/share/texmf/tex/generic/pgf/math/pgfmathfunctions.random.code.tex)
(/usr/share/texmf/tex/generic/pgf/math/pgfmathfunctions.comparison.code.tex)
(/usr/share/texmf/tex/generic/pgf/math/pgfmathfunctions.base.code.tex)
(/usr/share/texmf/tex/generic/pgf/math/pgfmathfunctions.round.code.tex)
(/usr/share/texmf/tex/generic/pgf/math/pgfmathfunctions.misc.code.tex)))
(/usr/share/texmf/tex/generic/pgf/math/pgfmathfloat.code.tex
\c@pgfmathroundto@lastzeros=\count153
))
(/usr/share/texmf/tex/generic/pgf/basiclayer/pgfcorepoints.code.tex
File: pgfcorepoints.code.tex 2010/04/09  (rcs-revision 1.20)
\pgf@picminx=\dimen132
\pgf@picmaxx=\dimen133
\pgf@picminy=\dimen134
\pgf@picmaxy=\dimen135
\pgf@pathminx=\dimen136
\pgf@pathmaxx=\dimen137
\pgf@pathminy=\dimen138
\pgf@pathmaxy=\dimen139
\pgf@xx=\dimen140
\pgf@xy=\dimen141
\pgf@yx=\dimen142
\pgf@yy=\dimen143
\pgf@zx=\dimen144
\pgf@zy=\dimen145
)
(/usr/share/texmf/tex/generic/pgf/basiclayer/pgfcorepathconstruct.code.tex
File: pgfcorepathconstruct.code.tex 2010/08/03  (rcs-revision 1.24)
\pgf@path@lastx=\dimen146
\pgf@path@lasty=\dimen147
)
(/usr/share/texmf/tex/generic/pgf/basiclayer/pgfcorepathusage.code.tex
File: pgfcorepathusage.code.tex 2008/04/22  (rcs-revision 1.12)
\pgf@shorten@end@additional=\dimen148
\pgf@shorten@start@additional=\dimen149
)
(/usr/share/texmf/tex/generic/pgf/basiclayer/pgfcorescopes.code.tex
File: pgfcorescopes.code.tex 2010/09/08  (rcs-revision 1.34)
\pgfpic=\box34
\pgf@hbox=\box35
\pgf@layerbox@main=\box36
\pgf@picture@serial@count=\count154
)
(/usr/share/texmf/tex/generic/pgf/basiclayer/pgfcoregraphicstate.code.tex
File: pgfcoregraphicstate.code.tex 2008/04/22  (rcs-revision 1.9)
\pgflinewidth=\dimen150
)
(/usr/share/texmf/tex/generic/pgf/basiclayer/pgfcoretransformations.code.tex
File: pgfcoretransformations.code.tex 2009/06/10  (rcs-revision 1.11)
\pgf@pt@x=\dimen151
\pgf@pt@y=\dimen152
\pgf@pt@temp=\dimen153
)
(/usr/share/texmf/tex/generic/pgf/basiclayer/pgfcorequick.code.tex
File: pgfcorequick.code.tex 2008/10/09  (rcs-revision 1.3)
)
(/usr/share/texmf/tex/generic/pgf/basiclayer/pgfcoreobjects.code.tex
File: pgfcoreobjects.code.tex 2006/10/11  (rcs-revision 1.2)
)
(/usr/share/texmf/tex/generic/pgf/basiclayer/pgfcorepathprocessing.code.tex
File: pgfcorepathprocessing.code.tex 2008/10/09  (rcs-revision 1.8)
)
(/usr/share/texmf/tex/generic/pgf/basiclayer/pgfcorearrows.code.tex
File: pgfcorearrows.code.tex 2008/04/23  (rcs-revision 1.11)
)
(/usr/share/texmf/tex/generic/pgf/basiclayer/pgfcoreshade.code.tex
File: pgfcoreshade.code.tex 2008/11/23  (rcs-revision 1.13)
\pgf@max=\dimen154
\pgf@sys@shading@range@num=\count155
)
(/usr/share/texmf/tex/generic/pgf/basiclayer/pgfcoreimage.code.tex
File: pgfcoreimage.code.tex 2010/03/25  (rcs-revision 1.16)

(/usr/share/texmf/tex/generic/pgf/basiclayer/pgfcoreexternal.code.tex
File: pgfcoreexternal.code.tex 2010/09/01  (rcs-revision 1.17)
\pgfexternal@startupbox=\box37
))
(/usr/share/texmf/tex/generic/pgf/basiclayer/pgfcorelayers.code.tex
File: pgfcorelayers.code.tex 2010/08/27  (rcs-revision 1.2)
)
(/usr/share/texmf/tex/generic/pgf/basiclayer/pgfcoretransparency.code.tex
File: pgfcoretransparency.code.tex 2008/01/17  (rcs-revision 1.2)
)
(/usr/share/texmf/tex/generic/pgf/basiclayer/pgfcorepatterns.code.tex
File: pgfcorepatterns.code.tex 2009/07/02  (rcs-revision 1.3)
)))
(/usr/share/texmf/tex/generic/pgf/modules/pgfmoduleshapes.code.tex
File: pgfmoduleshapes.code.tex 2010/09/09  (rcs-revision 1.13)
\pgfnodeparttextbox=\box38
)
(/usr/share/texmf/tex/generic/pgf/modules/pgfmoduleplot.code.tex
File: pgfmoduleplot.code.tex 2010/10/22  (rcs-revision 1.8)
)
(/usr/share/texmf/tex/latex/pgf/compatibility/pgfcomp-version-0-65.sty
Package: pgfcomp-version-0-65 2007/07/03 v2.10 (rcs-revision 1.7)
\pgf@nodesepstart=\dimen155
\pgf@nodesepend=\dimen156
)
(/usr/share/texmf/tex/latex/pgf/compatibility/pgfcomp-version-1-18.sty
Package: pgfcomp-version-1-18 2007/07/23 v2.10 (rcs-revision 1.1)
))
(/usr/share/texlive/texmf-dist/tex/latex/tools/verbatim.sty
Package: verbatim 2003/08/22 v1.5q LaTeX2e package for verbatim enhancements
\every@verbatim=\toks32
\verbatim@line=\toks33
\verbatim@in@stream=\read2
)
(/usr/share/texlive/texmf-dist/tex/latex/environ/environ.sty
Package: environ 2013/04/01 v0.3 A new environment syntax

(/usr/share/texlive/texmf-dist/tex/latex/trimspaces/trimspaces.sty
Package: trimspaces 2009/09/17 v1.1 Trim spaces around a token list
))
\tcb@titlebox=\box39
\tcb@upperbox=\box40
\tcb@lowerbox=\box41
\tcb@phantombox=\box42
\c@tcbbreakpart=\count156
\c@tcblayer=\count157
\tcb@temp=\box43
\tcb@temp=\box44
\tcb@temp=\box45
\tcb@temp=\box46
\tcb@out=\write4
)
(/usr/share/texlive/texmf-dist/tex/latex/svg/svg.sty
Package: svg 2012/09/05 v1.0 SVG inclusion and extraction

(/usr/share/texlive/texmf-dist/tex/latex/xkeyval/xkeyval.sty
Package: xkeyval 2012/10/14 v2.6b package option processing (HA)

(/usr/share/texlive/texmf-dist/tex/generic/xkeyval/xkeyval.tex
\XKV@toks=\toks34
\XKV@tempa@toks=\toks35
\XKV@depth=\count158
File: xkeyval.tex 2012/10/14 v2.6b key=value parser (HA)
))
(/usr/share/texlive/texmf-dist/tex/latex/subfig/subfig.sty
Package: subfig 2005/06/28 ver: 1.3 subfig package

(/usr/share/texlive/texmf-dist/tex/latex/caption/caption.sty
Package: caption 2013/05/02 v3.3-89 Customizing captions (AR)

(/usr/share/texlive/texmf-dist/tex/latex/caption/caption3.sty
Package: caption3 2013/05/02 v1.6-88 caption3 kernel (AR)
Package caption3 Info: TeX engine: e-TeX on input line 57.
\captionmargin=\dimen157
\captionmargin@=\dimen158
\captionwidth=\dimen159
\caption@tempdima=\dimen160
\caption@indent=\dimen161
\caption@parindent=\dimen162
\caption@hangindent=\dimen163
)
\c@ContinuedFloat=\count159
Package caption Info: float package is loaded.
Package caption Info: hyperref package is loaded.
Package caption Info: listings package is loaded.
)
\c@KVtest=\count160
\sf@farskip=\skip56
\sf@captopadj=\dimen164
\sf@capskip=\skip57
\sf@nearskip=\skip58
\c@subfigure=\count161
\c@subfigure@save=\count162
\c@lofdepth=\count163
\c@subtable=\count164
\c@subtable@save=\count165
\c@lotdepth=\count166
\sf@top=\skip59
\sf@bottom=\skip60
)
(/usr/share/texlive/texmf-dist/tex/latex/import/import.sty
Package: import 2009/03/23  v 5.1
)
(/usr/share/texlive/texmf-dist/tex/latex/oberdiek/transparent.sty
Package: transparent 2007/01/08 v1.0 Transparency via pdfTeX's color stack (HO)

)
\SVG@out@width=\skip61
\SVG@out@height=\skip62
\c@svgfigure=\count167
)
(/usr/share/texlive/texmf-dist/tex/latex/base/inputenc.sty
Package: inputenc 2008/03/30 v1.1d Input encoding file
\inpenc@prehook=\toks36
\inpenc@posthook=\toks37

(/usr/share/texlive/texmf-dist/tex/latex/base/utf8.def
File: utf8.def 2008/04/05 v1.1m UTF-8 support for inputenc
Now handling font encoding OML ...
... no UTF-8 mapping file for font encoding OML
Now handling font encoding T1 ...
... processing UTF-8 mapping file for font encoding T1

(/usr/share/texlive/texmf-dist/tex/latex/base/t1enc.dfu
File: t1enc.dfu 2008/04/05 v1.1m UTF-8 support for inputenc
   defining Unicode char U+00A1 (decimal 161)
   defining Unicode char U+00A3 (decimal 163)
   defining Unicode char U+00AB (decimal 171)
   defining Unicode char U+00BB (decimal 187)
   defining Unicode char U+00BF (decimal 191)
   defining Unicode char U+00C0 (decimal 192)
   defining Unicode char U+00C1 (decimal 193)
   defining Unicode char U+00C2 (decimal 194)
   defining Unicode char U+00C3 (decimal 195)
   defining Unicode char U+00C4 (decimal 196)
   defining Unicode char U+00C5 (decimal 197)
   defining Unicode char U+00C6 (decimal 198)
   defining Unicode char U+00C7 (decimal 199)
   defining Unicode char U+00C8 (decimal 200)
   defining Unicode char U+00C9 (decimal 201)
   defining Unicode char U+00CA (decimal 202)
   defining Unicode char U+00CB (decimal 203)
   defining Unicode char U+00CC (decimal 204)
   defining Unicode char U+00CD (decimal 205)
   defining Unicode char U+00CE (decimal 206)
   defining Unicode char U+00CF (decimal 207)
   defining Unicode char U+00D0 (decimal 208)
   defining Unicode char U+00D1 (decimal 209)
   defining Unicode char U+00D2 (decimal 210)
   defining Unicode char U+00D3 (decimal 211)
   defining Unicode char U+00D4 (decimal 212)
   defining Unicode char U+00D5 (decimal 213)
   defining Unicode char U+00D6 (decimal 214)
   defining Unicode char U+00D8 (decimal 216)
   defining Unicode char U+00D9 (decimal 217)
   defining Unicode char U+00DA (decimal 218)
   defining Unicode char U+00DB (decimal 219)
   defining Unicode char U+00DC (decimal 220)
   defining Unicode char U+00DD (decimal 221)
   defining Unicode char U+00DE (decimal 222)
   defining Unicode char U+00DF (decimal 223)
   defining Unicode char U+00E0 (decimal 224)
   defining Unicode char U+00E1 (decimal 225)
   defining Unicode char U+00E2 (decimal 226)
   defining Unicode char U+00E3 (decimal 227)
   defining Unicode char U+00E4 (decimal 228)
   defining Unicode char U+00E5 (decimal 229)
   defining Unicode char U+00E6 (decimal 230)
   defining Unicode char U+00E7 (decimal 231)
   defining Unicode char U+00E8 (decimal 232)
   defining Unicode char U+00E9 (decimal 233)
   defining Unicode char U+00EA (decimal 234)
   defining Unicode char U+00EB (decimal 235)
   defining Unicode char U+00EC (decimal 236)
   defining Unicode char U+00ED (decimal 237)
   defining Unicode char U+00EE (decimal 238)
   defining Unicode char U+00EF (decimal 239)
   defining Unicode char U+00F0 (decimal 240)
   defining Unicode char U+00F1 (decimal 241)
   defining Unicode char U+00F2 (decimal 242)
   defining Unicode char U+00F3 (decimal 243)
   defining Unicode char U+00F4 (decimal 244)
   defining Unicode char U+00F5 (decimal 245)
   defining Unicode char U+00F6 (decimal 246)
   defining Unicode char U+00F8 (decimal 248)
   defining Unicode char U+00F9 (decimal 249)
   defining Unicode char U+00FA (decimal 250)
   defining Unicode char U+00FB (decimal 251)
   defining Unicode char U+00FC (decimal 252)
   defining Unicode char U+00FD (decimal 253)
   defining Unicode char U+00FE (decimal 254)
   defining Unicode char U+00FF (decimal 255)
   defining Unicode char U+0102 (decimal 258)
   defining Unicode char U+0103 (decimal 259)
   defining Unicode char U+0104 (decimal 260)
   defining Unicode char U+0105 (decimal 261)
   defining Unicode char U+0106 (decimal 262)
   defining Unicode char U+0107 (decimal 263)
   defining Unicode char U+010C (decimal 268)
   defining Unicode char U+010D (decimal 269)
   defining Unicode char U+010E (decimal 270)
   defining Unicode char U+010F (decimal 271)
   defining Unicode char U+0110 (decimal 272)
   defining Unicode char U+0111 (decimal 273)
   defining Unicode char U+0118 (decimal 280)
   defining Unicode char U+0119 (decimal 281)
   defining Unicode char U+011A (decimal 282)
   defining Unicode char U+011B (decimal 283)
   defining Unicode char U+011E (decimal 286)
   defining Unicode char U+011F (decimal 287)
   defining Unicode char U+0130 (decimal 304)
   defining Unicode char U+0131 (decimal 305)
   defining Unicode char U+0132 (decimal 306)
   defining Unicode char U+0133 (decimal 307)
   defining Unicode char U+0139 (decimal 313)
   defining Unicode char U+013A (decimal 314)
   defining Unicode char U+013D (decimal 317)
   defining Unicode char U+013E (decimal 318)
   defining Unicode char U+0141 (decimal 321)
   defining Unicode char U+0142 (decimal 322)
   defining Unicode char U+0143 (decimal 323)
   defining Unicode char U+0144 (decimal 324)
   defining Unicode char U+0147 (decimal 327)
   defining Unicode char U+0148 (decimal 328)
   defining Unicode char U+014A (decimal 330)
   defining Unicode char U+014B (decimal 331)
   defining Unicode char U+0150 (decimal 336)
   defining Unicode char U+0151 (decimal 337)
   defining Unicode char U+0152 (decimal 338)
   defining Unicode char U+0153 (decimal 339)
   defining Unicode char U+0154 (decimal 340)
   defining Unicode char U+0155 (decimal 341)
   defining Unicode char U+0158 (decimal 344)
   defining Unicode char U+0159 (decimal 345)
   defining Unicode char U+015A (decimal 346)
   defining Unicode char U+015B (decimal 347)
   defining Unicode char U+015E (decimal 350)
   defining Unicode char U+015F (decimal 351)
   defining Unicode char U+0160 (decimal 352)
   defining Unicode char U+0161 (decimal 353)
   defining Unicode char U+0162 (decimal 354)
   defining Unicode char U+0163 (decimal 355)
   defining Unicode char U+0164 (decimal 356)
   defining Unicode char U+0165 (decimal 357)
   defining Unicode char U+016E (decimal 366)
   defining Unicode char U+016F (decimal 367)
   defining Unicode char U+0170 (decimal 368)
   defining Unicode char U+0171 (decimal 369)
   defining Unicode char U+0178 (decimal 376)
   defining Unicode char U+0179 (decimal 377)
   defining Unicode char U+017A (decimal 378)
   defining Unicode char U+017B (decimal 379)
   defining Unicode char U+017C (decimal 380)
   defining Unicode char U+017D (decimal 381)
   defining Unicode char U+017E (decimal 382)
   defining Unicode char U+200C (decimal 8204)
   defining Unicode char U+2013 (decimal 8211)
   defining Unicode char U+2014 (decimal 8212)
   defining Unicode char U+2018 (decimal 8216)
   defining Unicode char U+2019 (decimal 8217)
   defining Unicode char U+201A (decimal 8218)
   defining Unicode char U+201C (decimal 8220)
   defining Unicode char U+201D (decimal 8221)
   defining Unicode char U+201E (decimal 8222)
   defining Unicode char U+2030 (decimal 8240)
   defining Unicode char U+2031 (decimal 8241)
   defining Unicode char U+2039 (decimal 8249)
   defining Unicode char U+203A (decimal 8250)
   defining Unicode char U+2423 (decimal 9251)
)
Now handling font encoding OT1 ...
... processing UTF-8 mapping file for font encoding OT1

(/usr/share/texlive/texmf-dist/tex/latex/base/ot1enc.dfu
File: ot1enc.dfu 2008/04/05 v1.1m UTF-8 support for inputenc
   defining Unicode char U+00A1 (decimal 161)
   defining Unicode char U+00A3 (decimal 163)
   defining Unicode char U+00B8 (decimal 184)
   defining Unicode char U+00BF (decimal 191)
   defining Unicode char U+00C5 (decimal 197)
   defining Unicode char U+00C6 (decimal 198)
   defining Unicode char U+00D8 (decimal 216)
   defining Unicode char U+00DF (decimal 223)
   defining Unicode char U+00E6 (decimal 230)
   defining Unicode char U+00EC (decimal 236)
   defining Unicode char U+00ED (decimal 237)
   defining Unicode char U+00EE (decimal 238)
   defining Unicode char U+00EF (decimal 239)
   defining Unicode char U+00F8 (decimal 248)
   defining Unicode char U+0131 (decimal 305)
   defining Unicode char U+0141 (decimal 321)
   defining Unicode char U+0142 (decimal 322)
   defining Unicode char U+0152 (decimal 338)
   defining Unicode char U+0153 (decimal 339)
   defining Unicode char U+2013 (decimal 8211)
   defining Unicode char U+2014 (decimal 8212)
   defining Unicode char U+2018 (decimal 8216)
   defining Unicode char U+2019 (decimal 8217)
   defining Unicode char U+201C (decimal 8220)
   defining Unicode char U+201D (decimal 8221)
)
Now handling font encoding OMS ...
... processing UTF-8 mapping file for font encoding OMS

(/usr/share/texlive/texmf-dist/tex/latex/base/omsenc.dfu
File: omsenc.dfu 2008/04/05 v1.1m UTF-8 support for inputenc
   defining Unicode char U+00A7 (decimal 167)
   defining Unicode char U+00B6 (decimal 182)
   defining Unicode char U+00B7 (decimal 183)
   defining Unicode char U+2020 (decimal 8224)
   defining Unicode char U+2021 (decimal 8225)
   defining Unicode char U+2022 (decimal 8226)
)
Now handling font encoding OMX ...
... no UTF-8 mapping file for font encoding OMX
Now handling font encoding U ...
... no UTF-8 mapping file for font encoding U
Now handling font encoding PD1 ...
... no UTF-8 mapping file for font encoding PD1
   defining Unicode char U+00A9 (decimal 169)
   defining Unicode char U+00AA (decimal 170)
   defining Unicode char U+00AE (decimal 174)
   defining Unicode char U+00BA (decimal 186)
   defining Unicode char U+02C6 (decimal 710)
   defining Unicode char U+02DC (decimal 732)
   defining Unicode char U+200C (decimal 8204)
   defining Unicode char U+2026 (decimal 8230)
   defining Unicode char U+2122 (decimal 8482)
   defining Unicode char U+2423 (decimal 9251)
))
(/usr/share/texlive/texmf-dist/tex/latex/base/fontenc.sty
Package: fontenc 2005/09/27 v1.99g Standard LaTeX package

(/usr/share/texlive/texmf-dist/tex/latex/base/t1enc.def
File: t1enc.def 2005/09/27 v1.99g Standard LaTeX file
LaTeX Font Info:    Redeclaring font encoding T1 on input line 43.
))
(/usr/share/texlive/texmf-dist/tex/latex/base/textcomp.sty
Package: textcomp 2005/09/27 v1.99g Standard LaTeX package
Package textcomp Info: Sub-encoding information:
(textcomp)               5 = only ISO-Adobe without \textcurrency
(textcomp)               4 = 5 + \texteuro
(textcomp)               3 = 4 + \textohm
(textcomp)               2 = 3 + \textestimated + \textcurrency
(textcomp)               1 = TS1 - \textcircled - \t
(textcomp)               0 = TS1 (full)
(textcomp)             Font families with sub-encoding setting implement
(textcomp)             only a restricted character set as indicated.
(textcomp)             Family '?' is the default used for unknown fonts.
(textcomp)             See the documentation for details.
Package textcomp Info: Setting ? sub-encoding to TS1/1 on input line 71.

(/usr/share/texlive/texmf-dist/tex/latex/base/ts1enc.def
File: ts1enc.def 2001/06/05 v3.0e (jk/car/fm) Standard LaTeX file
Now handling font encoding TS1 ...
... processing UTF-8 mapping file for font encoding TS1

(/usr/share/texlive/texmf-dist/tex/latex/base/ts1enc.dfu
File: ts1enc.dfu 2008/04/05 v1.1m UTF-8 support for inputenc
   defining Unicode char U+00A2 (decimal 162)
   defining Unicode char U+00A3 (decimal 163)
   defining Unicode char U+00A4 (decimal 164)
   defining Unicode char U+00A5 (decimal 165)
   defining Unicode char U+00A6 (decimal 166)
   defining Unicode char U+00A7 (decimal 167)
   defining Unicode char U+00A8 (decimal 168)
   defining Unicode char U+00A9 (decimal 169)
   defining Unicode char U+00AA (decimal 170)
   defining Unicode char U+00AC (decimal 172)
   defining Unicode char U+00AE (decimal 174)
   defining Unicode char U+00AF (decimal 175)
   defining Unicode char U+00B0 (decimal 176)
   defining Unicode char U+00B1 (decimal 177)
   defining Unicode char U+00B2 (decimal 178)
   defining Unicode char U+00B3 (decimal 179)
   defining Unicode char U+00B4 (decimal 180)
   defining Unicode char U+00B5 (decimal 181)
   defining Unicode char U+00B6 (decimal 182)
   defining Unicode char U+00B7 (decimal 183)
   defining Unicode char U+00B9 (decimal 185)
   defining Unicode char U+00BA (decimal 186)
   defining Unicode char U+00BC (decimal 188)
   defining Unicode char U+00BD (decimal 189)
   defining Unicode char U+00BE (decimal 190)
   defining Unicode char U+00D7 (decimal 215)
   defining Unicode char U+00F7 (decimal 247)
   defining Unicode char U+0192 (decimal 402)
   defining Unicode char U+02C7 (decimal 711)
   defining Unicode char U+02D8 (decimal 728)
   defining Unicode char U+02DD (decimal 733)
   defining Unicode char U+0E3F (decimal 3647)
   defining Unicode char U+2016 (decimal 8214)
   defining Unicode char U+2020 (decimal 8224)
   defining Unicode char U+2021 (decimal 8225)
   defining Unicode char U+2022 (decimal 8226)
   defining Unicode char U+2030 (decimal 8240)
   defining Unicode char U+2031 (decimal 8241)
   defining Unicode char U+203B (decimal 8251)
   defining Unicode char U+203D (decimal 8253)
   defining Unicode char U+2044 (decimal 8260)
   defining Unicode char U+204E (decimal 8270)
   defining Unicode char U+2052 (decimal 8274)
   defining Unicode char U+20A1 (decimal 8353)
   defining Unicode char U+20A4 (decimal 8356)
   defining Unicode char U+20A6 (decimal 8358)
   defining Unicode char U+20A9 (decimal 8361)
   defining Unicode char U+20AB (decimal 8363)
   defining Unicode char U+20AC (decimal 8364)
   defining Unicode char U+20B1 (decimal 8369)
   defining Unicode char U+2103 (decimal 8451)
   defining Unicode char U+2116 (decimal 8470)
   defining Unicode char U+2117 (decimal 8471)
   defining Unicode char U+211E (decimal 8478)
   defining Unicode char U+2120 (decimal 8480)
   defining Unicode char U+2122 (decimal 8482)
   defining Unicode char U+2126 (decimal 8486)
   defining Unicode char U+2127 (decimal 8487)
   defining Unicode char U+212E (decimal 8494)
   defining Unicode char U+2190 (decimal 8592)
   defining Unicode char U+2191 (decimal 8593)
   defining Unicode char U+2192 (decimal 8594)
   defining Unicode char U+2193 (decimal 8595)
   defining Unicode char U+2329 (decimal 9001)
   defining Unicode char U+232A (decimal 9002)
   defining Unicode char U+2422 (decimal 9250)
   defining Unicode char U+25E6 (decimal 9702)
   defining Unicode char U+25EF (decimal 9711)
   defining Unicode char U+266A (decimal 9834)
))
LaTeX Info: Redefining \oldstylenums on input line 266.
Package textcomp Info: Setting cmr sub-encoding to TS1/0 on input line 281.
Package textcomp Info: Setting cmss sub-encoding to TS1/0 on input line 282.
Package textcomp Info: Setting cmtt sub-encoding to TS1/0 on input line 283.
Package textcomp Info: Setting cmvtt sub-encoding to TS1/0 on input line 284.
Package textcomp Info: Setting cmbr sub-encoding to TS1/0 on input line 285.
Package textcomp Info: Setting cmtl sub-encoding to TS1/0 on input line 286.
Package textcomp Info: Setting ccr sub-encoding to TS1/0 on input line 287.
Package textcomp Info: Setting ptm sub-encoding to TS1/4 on input line 288.
Package textcomp Info: Setting pcr sub-encoding to TS1/4 on input line 289.
Package textcomp Info: Setting phv sub-encoding to TS1/4 on input line 290.
Package textcomp Info: Setting ppl sub-encoding to TS1/3 on input line 291.
Package textcomp Info: Setting pag sub-encoding to TS1/4 on input line 292.
Package textcomp Info: Setting pbk sub-encoding to TS1/4 on input line 293.
Package textcomp Info: Setting pnc sub-encoding to TS1/4 on input line 294.
Package textcomp Info: Setting pzc sub-encoding to TS1/4 on input line 295.
Package textcomp Info: Setting bch sub-encoding to TS1/4 on input line 296.
Package textcomp Info: Setting put sub-encoding to TS1/5 on input line 297.
Package textcomp Info: Setting uag sub-encoding to TS1/5 on input line 298.
Package textcomp Info: Setting ugq sub-encoding to TS1/5 on input line 299.
Package textcomp Info: Setting ul8 sub-encoding to TS1/4 on input line 300.
Package textcomp Info: Setting ul9 sub-encoding to TS1/4 on input line 301.
Package textcomp Info: Setting augie sub-encoding to TS1/5 on input line 302.
Package textcomp Info: Setting dayrom sub-encoding to TS1/3 on input line 303.
Package textcomp Info: Setting dayroms sub-encoding to TS1/3 on input line 304.

Package textcomp Info: Setting pxr sub-encoding to TS1/0 on input line 305.
Package textcomp Info: Setting pxss sub-encoding to TS1/0 on input line 306.
Package textcomp Info: Setting pxtt sub-encoding to TS1/0 on input line 307.
Package textcomp Info: Setting txr sub-encoding to TS1/0 on input line 308.
Package textcomp Info: Setting txss sub-encoding to TS1/0 on input line 309.
Package textcomp Info: Setting txtt sub-encoding to TS1/0 on input line 310.
Package textcomp Info: Setting lmr sub-encoding to TS1/0 on input line 311.
Package textcomp Info: Setting lmdh sub-encoding to TS1/0 on input line 312.
Package textcomp Info: Setting lmss sub-encoding to TS1/0 on input line 313.
Package textcomp Info: Setting lmssq sub-encoding to TS1/0 on input line 314.
Package textcomp Info: Setting lmvtt sub-encoding to TS1/0 on input line 315.
Package textcomp Info: Setting qhv sub-encoding to TS1/0 on input line 316.
Package textcomp Info: Setting qag sub-encoding to TS1/0 on input line 317.
Package textcomp Info: Setting qbk sub-encoding to TS1/0 on input line 318.
Package textcomp Info: Setting qcr sub-encoding to TS1/0 on input line 319.
Package textcomp Info: Setting qcs sub-encoding to TS1/0 on input line 320.
Package textcomp Info: Setting qpl sub-encoding to TS1/0 on input line 321.
Package textcomp Info: Setting qtm sub-encoding to TS1/0 on input line 322.
Package textcomp Info: Setting qzc sub-encoding to TS1/0 on input line 323.
Package textcomp Info: Setting qhvc sub-encoding to TS1/0 on input line 324.
Package textcomp Info: Setting futs sub-encoding to TS1/4 on input line 325.
Package textcomp Info: Setting futx sub-encoding to TS1/4 on input line 326.
Package textcomp Info: Setting futj sub-encoding to TS1/4 on input line 327.
Package textcomp Info: Setting hlh sub-encoding to TS1/3 on input line 328.
Package textcomp Info: Setting hls sub-encoding to TS1/3 on input line 329.
Package textcomp Info: Setting hlst sub-encoding to TS1/3 on input line 330.
Package textcomp Info: Setting hlct sub-encoding to TS1/5 on input line 331.
Package textcomp Info: Setting hlx sub-encoding to TS1/5 on input line 332.
Package textcomp Info: Setting hlce sub-encoding to TS1/5 on input line 333.
Package textcomp Info: Setting hlcn sub-encoding to TS1/5 on input line 334.
Package textcomp Info: Setting hlcw sub-encoding to TS1/5 on input line 335.
Package textcomp Info: Setting hlcf sub-encoding to TS1/5 on input line 336.
Package textcomp Info: Setting pplx sub-encoding to TS1/3 on input line 337.
Package textcomp Info: Setting pplj sub-encoding to TS1/3 on input line 338.
Package textcomp Info: Setting ptmx sub-encoding to TS1/4 on input line 339.
Package textcomp Info: Setting ptmj sub-encoding to TS1/4 on input line 340.
)
(/usr/share/texlive/texmf-dist/tex/latex/was/gensymb.sty
Package: gensymb 2003/07/02 v1.0 (WaS)
)
(/usr/share/texlive/texmf-dist/tex/latex/multirow/multirow.sty
\bigstrutjot=\dimen165
)
\@input{latex_fei_highlight.aux}
\openout2 = `latex_fei_highlight.aux'.

No file latex_fei_highlight.tex.
\hh=\count168
\mm=\count169
(./education_example_document.aux

LaTeX Warning: Label `Linear Elastic Pure Shear Cyclic Loadin' multiply defined
.


LaTeX Warning: Label `Linear Elastic Pure Shear Cyclic Loadin' multiply defined
.


LaTeX Warning: Label `Linear Elastic Pure Shear Cyclic Loadin' multiply defined
.


LaTeX Warning: Label `Linear Elastic Pure Shear Cyclic Loadin' multiply defined
.


LaTeX Warning: Label `Linear Elastic Pure Shear Cyclic Loadin' multiply defined
.


LaTeX Warning: Label `Linear Elastic Pure Shear Cyclic Loadin' multiply defined
.


LaTeX Warning: Label `Linear Elastic Pure Shear Cyclic Loadin' multiply defined
.


LaTeX Warning: Label `Linear Elastic Pure Shear Cyclic Loadin' multiply defined
.


LaTeX Warning: Label `Linear Elastic Pure Shear Cyclic Loadin' multiply defined
.


LaTeX Warning: Label `Linear Elastic Pure Shear Cyclic Loadin' multiply defined
.


LaTeX Warning: Label `Linear Elastic Pure Shear Cyclic Loadin' multiply defined
.


LaTeX Warning: Label `Linear Elastic Pure Shear Cyclic Loadin' multiply defined
.


LaTeX Warning: Label `Linear Elastic Pure Shear Cyclic Loadin' multiply defined
.


LaTeX Warning: Label `Linear Elastic Pure Shear Cyclic Loadin' multiply defined
.


LaTeX Warning: Label `Linear Elastic Pure Shear Cyclic Loadin' multiply defined
.


LaTeX Warning: Label `Linear Elastic Pure Shear Cyclic Loadin' multiply defined
.


LaTeX Warning: Label `Linear Elastic Pure Shear Cyclic Loadin' multiply defined
.


LaTeX Warning: Label `Linear Elastic Pure Shear Cyclic Loadin' multiply defined
.


LaTeX Warning: Label `Linear Elastic Pure Shear Cyclic Loadin' multiply defined
.


LaTeX Warning: Label `Linear Elastic Pure Shear Cyclic Loadin' multiply defined
.

)
\openout1 = `education_example_document.aux'.

LaTeX Font Info:    Checking defaults for OML/cmm/m/it on input line 133.
LaTeX Font Info:    ... okay on input line 133.
LaTeX Font Info:    Checking defaults for T1/cmr/m/n on input line 133.
LaTeX Font Info:    ... okay on input line 133.
LaTeX Font Info:    Checking defaults for OT1/cmr/m/n on input line 133.
LaTeX Font Info:    ... okay on input line 133.
LaTeX Font Info:    Checking defaults for OMS/cmsy/m/n on input line 133.
LaTeX Font Info:    ... okay on input line 133.
LaTeX Font Info:    Checking defaults for OMX/cmex/m/n on input line 133.
LaTeX Font Info:    ... okay on input line 133.
LaTeX Font Info:    Checking defaults for U/cmr/m/n on input line 133.
LaTeX Font Info:    ... okay on input line 133.
LaTeX Font Info:    Checking defaults for PD1/pdf/m/n on input line 133.
LaTeX Font Info:    ... okay on input line 133.
LaTeX Font Info:    Checking defaults for TS1/cmr/m/n on input line 133.
LaTeX Font Info:    Try loading font information for TS1+cmr on input line 133.

 (/usr/share/texlive/texmf-dist/tex/latex/base/ts1cmr.fd
File: ts1cmr.fd 1999/05/25 v2.5h Standard LaTeX font definitions
)
LaTeX Font Info:    ... okay on input line 133.

(/usr/share/texlive/texmf-dist/tex/context/base/supp-pdf.mkii
[Loading MPS to PDF converter (version 2006.09.02).]
\scratchcounter=\count170
\scratchdimen=\dimen166
\scratchbox=\box47
\nofMPsegments=\count171
\nofMParguments=\count172
\everyMPshowfont=\toks38
\MPscratchCnt=\count173
\MPscratchDim=\dimen167
\MPnumerator=\count174
\makeMPintoPDFobject=\count175
\everyMPtoPDFconversion=\toks39
) (/usr/share/texlive/texmf-dist/tex/latex/oberdiek/epstopdf-base.sty
Package: epstopdf-base 2010/02/09 v2.5 Base part for package epstopdf

(/usr/share/texlive/texmf-dist/tex/latex/oberdiek/grfext.sty
Package: grfext 2010/08/19 v1.1 Manage graphics extensions (HO)
)
Package grfext Info: Graphics extension search list:
(grfext)             [.png,.pdf,.jpg,.mps,.jpeg,.jbig2,.jb2,.PNG,.PDF,.JPG,.JPE
G,.JBIG2,.JB2,.eps]
(grfext)             \AppendGraphicsExtensions on input line 452.

(/usr/share/texlive/texmf-dist/tex/latex/latexconfig/epstopdf-sys.cfg
File: epstopdf-sys.cfg 2010/07/13 v1.3 Configuration of (r)epstopdf for TeX Liv
e
))
Package lastpage Info: Please have a look at the pageslts package at
(lastpage)             http://www.ctan.org/tex-archive/ 
(lastpage)             macros/latex/contrib/pageslts/ 
(lastpage)             or
(lastpage)             http://www.ctan.org/tex-archive/ 
(lastpage)             install/macros/latex/contrib/pageslts.tds.zip
(lastpage)             ! on input line 133.
\AtBeginShipoutBox=\box48
Package hyperref Info: Link coloring OFF on input line 133.

(/usr/share/texlive/texmf-dist/tex/latex/hyperref/nameref.sty
Package: nameref 2012/10/27 v2.43 Cross-referencing by name of section

(/usr/share/texlive/texmf-dist/tex/generic/oberdiek/gettitlestring.sty
Package: gettitlestring 2010/12/03 v1.4 Cleanup title references (HO)
)
\c@section@level=\count176
)
LaTeX Info: Redefining \ref on input line 133.
LaTeX Info: Redefining \pageref on input line 133.
LaTeX Info: Redefining \nameref on input line 133.

(./education_example_document.out) (./education_example_document.out)
\@outlinefile=\write5
\openout5 = `education_example_document.out'.

\c@lstlisting=\count177

ABD: EveryShipout initializing macros
Package caption Info: Begin \AtBeginDocument code.
Package caption Info: subfig package v1.3 is loaded.
Package caption Info: End \AtBeginDocument code.
\symgns@font=\mathgroup7
LaTeX Font Info:    Overwriting symbol font `gns@font' in version `bold'
(Font)                  TS1/cmr/m/n --> TS1/cmr/bx/n on input line 133.
Package gensymb Info: Math companion symbols declared on input line 133.
LaTeX Info: Redefining \degree on input line 133.
LaTeX Info: Redefining \celsius on input line 133.
Package gensymb Info: Using text companion symbols for \degree, \celsius and \p
erthousand on input line 133.
LaTeX Info: Redefining \ohm on input line 133.
Package gensymb Info: Using \textohm for \ohm on input line 133.
Package gensymb Info: Using \textmu for \micro on input line 133.
 (./education_example_document.toc)
\tf@toc=\write6
\openout6 = `education_example_document.toc'.


[1



{/var/lib/texmf/fonts/map/pdftex/updmap/pdftex.map}] [2]
Package hyperref Info: bookmark level for unknown lstlisting defaults to 0 on i
nput line 186.
LaTeX Font Info:    Try loading font information for T1+cmtt on input line 186.


(/usr/share/texlive/texmf-dist/tex/latex/base/t1cmtt.fd
File: t1cmtt.fd 1999/05/25 v2.5h Standard LaTeX font definitions
)
(../fei_examples/linear_elastic/1pure_shear_mono_loading/main.fei)
<../fei_examples/linear_elastic/1pure_shear_mono_loading/result.pdf, id=137, 54
3.5808pt x 409.42021pt>
File: ../fei_examples/linear_elastic/1pure_shear_mono_loading/result.pdf Graphi
c file (type pdf)

<use ../fei_examples/linear_elastic/1pure_shear_mono_loading/result.pdf>
Package pdftex.def Info: ../fei_examples/linear_elastic/1pure_shear_mono_loadin
g/result.pdf used on input line 191.
(pdftex.def)             Requested size: 341.43306pt x 257.16768pt.

[3 <../fei_examples/linear_elastic/1pure_shear_mono_loading/result.pdf>]
(../fei_examples/linear_elastic/2pure_shear_cyclic_loading/main.fei)
<../fei_examples/linear_elastic/2pure_shear_cyclic_loading/result.pdf, id=196, 
553.60262pt x 409.42021pt>
File: ../fei_examples/linear_elastic/2pure_shear_cyclic_loading/result.pdf Grap
hic file (type pdf)

<use ../fei_examples/linear_elastic/2pure_shear_cyclic_loading/result.pdf>
Package pdftex.def Info: ../fei_examples/linear_elastic/2pure_shear_cyclic_load
ing/result.pdf used on input line 208.
(pdftex.def)             Requested size: 341.43306pt x 252.50723pt.

[4 <../fei_examples/linear_elastic/2pure_shear_cyclic_loading/result.pdf>]
(../fei_examples/linear_elastic/3uniaxial_strain_mono_loading/main.fei)
<../fei_examples/linear_elastic/3uniaxial_strain_mono_loading/result.pdf, id=25
0, 544.01994pt x 409.42021pt>
File: ../fei_examples/linear_elastic/3uniaxial_strain_mono_loading/result.pdf G
raphic file (type pdf)

<use ../fei_examples/linear_elastic/3uniaxial_strain_mono_loading/result.pdf>
Package pdftex.def Info: ../fei_examples/linear_elastic/3uniaxial_strain_mono_l
oading/result.pdf used on input line 225.
(pdftex.def)             Requested size: 341.43306pt x 256.96152pt.

[5 <../fei_examples/linear_elastic/3uniaxial_strain_mono_loading/result.pdf>]
(../fei_examples/linear_elastic/2pure_shear_cyclic_loading/main.fei)
File: ../fei_examples/linear_elastic/2pure_shear_cyclic_loading/result.pdf Grap
hic file (type pdf)

<use ../fei_examples/linear_elastic/2pure_shear_cyclic_loading/result.pdf>
Package pdftex.def Info: ../fei_examples/linear_elastic/2pure_shear_cyclic_load
ing/result.pdf used on input line 242.
(pdftex.def)             Requested size: 341.43306pt x 252.50723pt.

[6] (../fei_examples/perfectly_plastic/2pure_shear_cyclic_loading/main.fei)
<../fei_examples/perfectly_plastic/2pure_shear_cyclic_loading/result.pdf, id=32
5, 553.60262pt x 409.42021pt>
File: ../fei_examples/perfectly_plastic/2pure_shear_cyclic_loading/result.pdf G
raphic file (type pdf)

<use ../fei_examples/perfectly_plastic/2pure_shear_cyclic_loading/result.pdf>
Package pdftex.def Info: ../fei_examples/perfectly_plastic/2pure_shear_cyclic_l
oading/result.pdf used on input line 328.
(pdftex.def)             Requested size: 312.9803pt x 231.46652pt.

[7 <../fei_examples/perfectly_plastic/2pure_shear_cyclic_loading/result.pdf>]
(../fei_examples/perfectly_plastic/4uniaxial_strain_cyclic_loading/main.fei)
<../fei_examples/perfectly_plastic/4uniaxial_strain_cyclic_loading/result.pdf, 
id=387, 553.60262pt x 409.42021pt>
File: ../fei_examples/perfectly_plastic/4uniaxial_strain_cyclic_loading/result.
pdf Graphic file (type pdf)

<use ../fei_examples/perfectly_plastic/4uniaxial_strain_cyclic_loading/result.p
df>
Package pdftex.def Info: ../fei_examples/perfectly_plastic/4uniaxial_strain_cyc
lic_loading/result.pdf used on input line 345.
(pdftex.def)             Requested size: 312.9803pt x 231.46652pt.
 [8 <../fei_examples/perfectly_plastic/4uniaxial_strain_cyclic_loading/result.p
df>]
(../fei_examples/elastoplastic_isotropic_hardening/1pure_shear_mono_loading/mai
n.fei)
<../fei_examples/elastoplastic_isotropic_hardening/1pure_shear_mono_loading/res
ult.pdf, id=447, 536.63297pt x 409.42021pt>
File: ../fei_examples/elastoplastic_isotropic_hardening/1pure_shear_mono_loadin
g/result.pdf Graphic file (type pdf)

<use ../fei_examples/elastoplastic_isotropic_hardening/1pure_shear_mono_loading
/result.pdf>
Package pdftex.def Info: ../fei_examples/elastoplastic_isotropic_hardening/1pur
e_shear_mono_loading/result.pdf used on input line 370.
(pdftex.def)             Requested size: 312.9803pt x 238.7883pt.
 [9 <../fei_examples/elastoplastic_isotropic_hardening/1pure_shear_mono_loading
/result.pdf>]
(../fei_examples/elastoplastic_isotropic_hardening/2pure_shear_cyclic_loading/m
ain.fei)
<../fei_examples/elastoplastic_isotropic_hardening/2pure_shear_cyclic_loading/r
esult.pdf, id=512, 553.60262pt x 409.42021pt>
File: ../fei_examples/elastoplastic_isotropic_hardening/2pure_shear_cyclic_load
ing/result.pdf Graphic file (type pdf)

<use ../fei_examples/elastoplastic_isotropic_hardening/2pure_shear_cyclic_loadi
ng/result.pdf>
Package pdftex.def Info: ../fei_examples/elastoplastic_isotropic_hardening/2pur
e_shear_cyclic_loading/result.pdf used on input line 387.
(pdftex.def)             Requested size: 312.9803pt x 231.46652pt.
 [10 <../fei_examples/elastoplastic_isotropic_hardening/2pure_shear_cyclic_load
ing/result.pdf>]
(../fei_examples/elastoplastic_isotropic_hardening/3uniaxial_strain_mono_loadin
g/main.fei)
<../fei_examples/elastoplastic_isotropic_hardening/3uniaxial_strain_mono_loadin
g/result.pdf, id=572, 536.63297pt x 409.42021pt>
File: ../fei_examples/elastoplastic_isotropic_hardening/3uniaxial_strain_mono_l
oading/result.pdf Graphic file (type pdf)

<use ../fei_examples/elastoplastic_isotropic_hardening/3uniaxial_strain_mono_lo
ading/result.pdf>
Package pdftex.def Info: ../fei_examples/elastoplastic_isotropic_hardening/3uni
axial_strain_mono_loading/result.pdf used on input line 404.
(pdftex.def)             Requested size: 312.9803pt x 238.7883pt.
 [11 <../fei_examples/elastoplastic_isotropic_hardening/3uniaxial_strain_mono_l
oading/result.pdf>]
(../fei_examples/elastoplastic_isotropic_hardening/4uniaxial_strain_cyclic_load
ing/main.fei)
<../fei_examples/elastoplastic_isotropic_hardening/4uniaxial_strain_cyclic_load
ing/result.pdf, id=637, 545.93333pt x 409.42021pt>
File: ../fei_examples/elastoplastic_isotropic_hardening/4uniaxial_strain_cyclic
_loading/result.pdf Graphic file (type pdf)

<use ../fei_examples/elastoplastic_isotropic_hardening/4uniaxial_strain_cyclic_
loading/result.pdf>
Package pdftex.def Info: ../fei_examples/elastoplastic_isotropic_hardening/4uni
axial_strain_cyclic_loading/result.pdf used on input line 421.
(pdftex.def)             Requested size: 312.9803pt x 234.72758pt.
 [12 <../fei_examples/elastoplastic_isotropic_hardening/4uniaxial_strain_cyclic
_loading/result.pdf>]
(../fei_examples/elastoplastic_kinematic_hardening/1pure_shear_mono_loading/mai
n.fei)
<../fei_examples/elastoplastic_kinematic_hardening/1pure_shear_mono_loading/res
ult.pdf, id=701, 536.63297pt x 409.42021pt>
File: ../fei_examples/elastoplastic_kinematic_hardening/1pure_shear_mono_loadin
g/result.pdf Graphic file (type pdf)

<use ../fei_examples/elastoplastic_kinematic_hardening/1pure_shear_mono_loading
/result.pdf>
Package pdftex.def Info: ../fei_examples/elastoplastic_kinematic_hardening/1pur
e_shear_mono_loading/result.pdf used on input line 445.
(pdftex.def)             Requested size: 312.9803pt x 238.7883pt.
 [13 <../fei_examples/elastoplastic_kinematic_hardening/1pure_shear_mono_loadin
g/result.pdf>]
(../fei_examples/elastoplastic_kinematic_hardening/2pure_shear_cyclic_loading/m
ain.fei)
<../fei_examples/elastoplastic_kinematic_hardening/2pure_shear_cyclic_loading/r
esult.pdf, id=767, 545.93333pt x 409.42021pt>
File: ../fei_examples/elastoplastic_kinematic_hardening/2pure_shear_cyclic_load
ing/result.pdf Graphic file (type pdf)

<use ../fei_examples/elastoplastic_kinematic_hardening/2pure_shear_cyclic_loadi
ng/result.pdf>
Package pdftex.def Info: ../fei_examples/elastoplastic_kinematic_hardening/2pur
e_shear_cyclic_loading/result.pdf used on input line 462.
(pdftex.def)             Requested size: 312.9803pt x 234.72758pt.
 [14 <../fei_examples/elastoplastic_kinematic_hardening/2pure_shear_cyclic_load
ing/result.pdf>]
(../fei_examples/elastoplastic_kinematic_hardening/3uniaxial_strain_mono_loadin
g/main.fei)
<../fei_examples/elastoplastic_kinematic_hardening/3uniaxial_strain_mono_loadin
g/result.pdf, id=832, 536.63297pt x 409.42021pt>
File: ../fei_examples/elastoplastic_kinematic_hardening/3uniaxial_strain_mono_l
oading/result.pdf Graphic file (type pdf)

<use ../fei_examples/elastoplastic_kinematic_hardening/3uniaxial_strain_mono_lo
ading/result.pdf>
Package pdftex.def Info: ../fei_examples/elastoplastic_kinematic_hardening/3uni
axial_strain_mono_loading/result.pdf used on input line 479.
(pdftex.def)             Requested size: 312.9803pt x 238.7883pt.
 [15 <../fei_examples/elastoplastic_kinematic_hardening/3uniaxial_strain_mono_l
oading/result.pdf>]
(../fei_examples/elastoplastic_kinematic_hardening/4uniaxial_strain_cyclic_load
ing/main.fei)
<../fei_examples/elastoplastic_kinematic_hardening/4uniaxial_strain_cyclic_load
ing/result.pdf, id=897, 545.93333pt x 409.42021pt>
File: ../fei_examples/elastoplastic_kinematic_hardening/4uniaxial_strain_cyclic
_loading/result.pdf Graphic file (type pdf)

<use ../fei_examples/elastoplastic_kinematic_hardening/4uniaxial_strain_cyclic_
loading/result.pdf>
Package pdftex.def Info: ../fei_examples/elastoplastic_kinematic_hardening/4uni
axial_strain_cyclic_loading/result.pdf used on input line 496.
(pdftex.def)             Requested size: 312.9803pt x 234.72758pt.
 [16 <../fei_examples/elastoplastic_kinematic_hardening/4uniaxial_strain_cyclic
_loading/result.pdf>]
(../fei_examples/Multi_Yield_Surface_von_Mises/1pure_shear_mono_loading/main.fe
i)
<../fei_examples/Multi_Yield_Surface_von_Mises/1pure_shear_mono_loading/result.
pdf, id=961, 521.08269pt x 409.42021pt>
File: ../fei_examples/Multi_Yield_Surface_von_Mises/1pure_shear_mono_loading/re
sult.pdf Graphic file (type pdf)

<use ../fei_examples/Multi_Yield_Surface_von_Mises/1pure_shear_mono_loading/res
ult.pdf>
Package pdftex.def Info: ../fei_examples/Multi_Yield_Surface_von_Mises/1pure_sh
ear_mono_loading/result.pdf used on input line 521.
(pdftex.def)             Requested size: 312.9803pt x 245.9164pt.
 [17 <../fei_examples/Multi_Yield_Surface_von_Mises/1pure_shear_mono_loading/re
sult.pdf>]
(../fei_examples/Multi_Yield_Surface_von_Mises/2pure_shear_cyclic_loading/main.
fei)
<../fei_examples/Multi_Yield_Surface_von_Mises/2pure_shear_cyclic_loading/resul
t.pdf, id=1024, 519.04382pt x 409.42021pt>
File: ../fei_examples/Multi_Yield_Surface_von_Mises/2pure_shear_cyclic_loading/
result.pdf Graphic file (type pdf)

<use ../fei_examples/Multi_Yield_Surface_von_Mises/2pure_shear_cyclic_loading/r
esult.pdf>
Package pdftex.def Info: ../fei_examples/Multi_Yield_Surface_von_Mises/2pure_sh
ear_cyclic_loading/result.pdf used on input line 538.
(pdftex.def)             Requested size: 312.9803pt x 246.87848pt.
 [18 <../fei_examples/Multi_Yield_Surface_von_Mises/2pure_shear_cyclic_loading/
result.pdf>]
<../Figure-files/shear_brick.JPG, id=1087, 563.85657pt x 371.88937pt>
File: ../Figure-files/shear_brick.JPG Graphic file (type jpg)

<use ../Figure-files/shear_brick.JPG>
Package pdftex.def Info: ../Figure-files/shear_brick.JPG used on input line 581
.
(pdftex.def)             Requested size: 227.62204pt x 150.12636pt.

<../fei_examples/linear_elastic_solid/1pure_shear_mono_loading/result.pdf, id=1
088, 540.4676pt x 409.42021pt>
File: ../fei_examples/linear_elastic_solid/1pure_shear_mono_loading/result.pdf 
Graphic file (type pdf)

<use ../fei_examples/linear_elastic_solid/1pure_shear_mono_loading/result.pdf>
Package pdftex.def Info: ../fei_examples/linear_elastic_solid/1pure_shear_mono_
loading/result.pdf used on input line 591.
(pdftex.def)             Requested size: 312.9803pt x 237.10155pt.

[19 <../Figure-files/shear_brick.JPG> <../fei_examples/linear_elastic_solid/1pu
re_shear_mono_loading/result.pdf>]
<../Figure-files/shear_cyclic_brick.JPG, id=1135, 545.03625pt x 373.395pt>
File: ../Figure-files/shear_cyclic_brick.JPG Graphic file (type jpg)

<use ../Figure-files/shear_cyclic_brick.JPG>
Package pdftex.def Info: ../Figure-files/shear_cyclic_brick.JPG used on input l
ine 606.
(pdftex.def)             Requested size: 227.62204pt x 155.936pt.

<../fei_examples/linear_elastic_solid/2pure_shear_cyclic_loading/result.pdf, id
=1136, 546.12154pt x 409.42021pt>
File: ../fei_examples/linear_elastic_solid/2pure_shear_cyclic_loading/result.pd
f Graphic file (type pdf)

<use ../fei_examples/linear_elastic_solid/2pure_shear_cyclic_loading/result.pdf
>
Package pdftex.def Info: ../fei_examples/linear_elastic_solid/2pure_shear_cycli
c_loading/result.pdf used on input line 616.
(pdftex.def)             Requested size: 312.9803pt x 234.64638pt.
 [20 <../Figure-files/shear_cyclic_brick.JPG> <../fei_examples/linear_elastic_s
olid/2pure_shear_cyclic_loading/result.pdf>]
<../Figure-files/vertical.JPG, id=1181, 454.69875pt x 421.575pt>
File: ../Figure-files/vertical.JPG Graphic file (type jpg)

<use ../Figure-files/vertical.JPG>
Package pdftex.def Info: ../Figure-files/vertical.JPG used on input line 632.
(pdftex.def)             Requested size: 227.62204pt x 211.04428pt.

<../fei_examples/linear_elastic_solid/3uniaxial_strain_mono_loading/result.pdf,
 id=1182, 544.01994pt x 409.42021pt>
File: ../fei_examples/linear_elastic_solid/3uniaxial_strain_mono_loading/result
.pdf Graphic file (type pdf)

<use ../fei_examples/linear_elastic_solid/3uniaxial_strain_mono_loading/result.
pdf>
Package pdftex.def Info: ../fei_examples/linear_elastic_solid/3uniaxial_strain_
mono_loading/result.pdf used on input line 642.
(pdftex.def)             Requested size: 312.9803pt x 235.54597pt.
 [21 <../Figure-files/vertical.JPG> <../fei_examples/linear_elastic_solid/3unia
xial_strain_mono_loading/result.pdf>]
<../Figure-files/vertical_cyclic.JPG, id=1226, 389.95688pt x 386.94562pt>
File: ../Figure-files/vertical_cyclic.JPG Graphic file (type jpg)

<use ../Figure-files/vertical_cyclic.JPG>
Package pdftex.def Info: ../Figure-files/vertical_cyclic.JPG used on input line
 658.
(pdftex.def)             Requested size: 227.62204pt x 225.86336pt.

<../fei_examples/linear_elastic_solid/4uniaxial_strain_cyclic_loading/result.pd
f, id=1227, 553.72809pt x 409.42021pt>
File: ../fei_examples/linear_elastic_solid/4uniaxial_strain_cyclic_loading/resu
lt.pdf Graphic file (type pdf)

<use ../fei_examples/linear_elastic_solid/4uniaxial_strain_cyclic_loading/resul
t.pdf>
Package pdftex.def Info: ../fei_examples/linear_elastic_solid/4uniaxial_strain_
cyclic_loading/result.pdf used on input line 669.
(pdftex.def)             Requested size: 312.9803pt x 231.41655pt.
 [22 <../Figure-files/vertical_cyclic.JPG> <../fei_examples/linear_elastic_soli
d/4uniaxial_strain_cyclic_loading/result.pdf>]
File: ../Figure-files/shear_cyclic_brick.JPG Graphic file (type jpg)

<use ../Figure-files/shear_cyclic_brick.JPG>
Package pdftex.def Info: ../Figure-files/shear_cyclic_brick.JPG used on input l
ine 723.
(pdftex.def)             Requested size: 227.62204pt x 155.936pt.

<../fei_examples/perfectly_plastic_pure_shear_solid/2pure_shear_cyclic_loading/
result.pdf, id=1270, 546.12154pt x 409.42021pt>
File: ../fei_examples/perfectly_plastic_pure_shear_solid/2pure_shear_cyclic_loa
ding/result.pdf Graphic file (type pdf)

<use ../fei_examples/perfectly_plastic_pure_shear_solid/2pure_shear_cyclic_load
ing/result.pdf>
Package pdftex.def Info: ../fei_examples/perfectly_plastic_pure_shear_solid/2pu
re_shear_cyclic_loading/result.pdf used on input line 734.
(pdftex.def)             Requested size: 312.9803pt x 234.64638pt.
 [23 <../fei_examples/perfectly_plastic_pure_shear_solid/2pure_shear_cyclic_loa
ding/result.pdf>]
File: ../Figure-files/shear_cyclic_brick.JPG Graphic file (type jpg)
 <use ../Figure-files/shear_cyclic_brick.JPG>
Package pdftex.def Info: ../Figure-files/shear_cyclic_brick.JPG used on input l
ine 750.
(pdftex.def)             Requested size: 227.62204pt x 155.936pt.

<../fei_examples/isotropic_hardening_pure_shear/2pure_shear_cyclic_loading/resu
lt.pdf, id=1313, 553.72809pt x 409.42021pt>
File: ../fei_examples/isotropic_hardening_pure_shear/2pure_shear_cyclic_loading
/result.pdf Graphic file (type pdf)

<use ../fei_examples/isotropic_hardening_pure_shear/2pure_shear_cyclic_loading/
result.pdf>
Package pdftex.def Info: ../fei_examples/isotropic_hardening_pure_shear/2pure_s
hear_cyclic_loading/result.pdf used on input line 761.
(pdftex.def)             Requested size: 312.9803pt x 231.41655pt.
 [24 <../fei_examples/isotropic_hardening_pure_shear/2pure_shear_cyclic_loading
/result.pdf>]
File: ../Figure-files/shear_cyclic_brick.JPG Graphic file (type jpg)
 <use ../Figure-files/shear_cyclic_brick.JPG>
Package pdftex.def Info: ../Figure-files/shear_cyclic_brick.JPG used on input l
ine 777.
(pdftex.def)             Requested size: 227.62204pt x 155.936pt.

<../fei_examples/kinematic_hardening_pure_shear_solid/2pure_shear_cyclic_loadin
g/result.pdf, id=1355, 546.12154pt x 409.42021pt>
File: ../fei_examples/kinematic_hardening_pure_shear_solid/2pure_shear_cyclic_l
oading/result.pdf Graphic file (type pdf)

<use ../fei_examples/kinematic_hardening_pure_shear_solid/2pure_shear_cyclic_lo
ading/result.pdf>
Package pdftex.def Info: ../fei_examples/kinematic_hardening_pure_shear_solid/2
pure_shear_cyclic_loading/result.pdf used on input line 788.
(pdftex.def)             Requested size: 312.9803pt x 234.64638pt.
 [25 <../fei_examples/kinematic_hardening_pure_shear_solid/2pure_shear_cyclic_l
oading/result.pdf>]
File: ../Figure-files/shear_cyclic_brick.JPG Graphic file (type jpg)

<use ../Figure-files/shear_cyclic_brick.JPG>
Package pdftex.def Info: ../Figure-files/shear_cyclic_brick.JPG used on input l
ine 803.
(pdftex.def)             Requested size: 227.62204pt x 155.936pt.
File: ../fei_examples/kinematic_hardening_pure_shear_solid/2pure_shear_cyclic_l
oading/result.pdf Graphic file (type pdf)

<use ../fei_examples/kinematic_hardening_pure_shear_solid/2pure_shear_cyclic_lo
ading/result.pdf>
Package pdftex.def Info: ../fei_examples/kinematic_hardening_pure_shear_solid/2
pure_shear_cyclic_loading/result.pdf used on input line 814.
(pdftex.def)             Requested size: 312.9803pt x 234.64638pt.
 [26]
File: ../Figure-files/shear_cyclic_brick.JPG Graphic file (type jpg)
 <use ../Figure-files/shear_cyclic_brick.JPG>
Package pdftex.def Info: ../Figure-files/shear_cyclic_brick.JPG used on input l
ine 830.
(pdftex.def)             Requested size: 227.62204pt x 155.936pt.

<../fei_examples/Drucker_Prager_Associate_Flow_Solid/2pure_shear_cyclic_loading
/result.pdf, id=1406, 542.28691pt x 409.42021pt>
File: ../fei_examples/Drucker_Prager_Associate_Flow_Solid/2pure_shear_cyclic_lo
ading/result.pdf Graphic file (type pdf)

<use ../fei_examples/Drucker_Prager_Associate_Flow_Solid/2pure_shear_cyclic_loa
ding/result.pdf>
Package pdftex.def Info: ../fei_examples/Drucker_Prager_Associate_Flow_Solid/2p
ure_shear_cyclic_loading/result.pdf used on input line 841.
(pdftex.def)             Requested size: 312.9803pt x 236.29564pt.
 [27 <../fei_examples/Drucker_Prager_Associate_Flow_Solid/2pure_shear_cyclic_lo
ading/result.pdf>] [28]
File: ../Figure-files/shear_cyclic_brick.JPG Graphic file (type jpg)

<use ../Figure-files/shear_cyclic_brick.JPG>
Package pdftex.def Info: ../Figure-files/shear_cyclic_brick.JPG used on input l
ine 882.
(pdftex.def)             Requested size: 227.62204pt x 155.936pt.

<../fei_examples/Drucker_Prager_Armstrong_Frederick/2pure_shear_cyclic_loading/
result.pdf, id=1455, 549.90913pt x 409.42021pt>
File: ../fei_examples/Drucker_Prager_Armstrong_Frederick/2pure_shear_cyclic_loa
ding/result.pdf Graphic file (type pdf)

<use ../fei_examples/Drucker_Prager_Armstrong_Frederick/2pure_shear_cyclic_load
ing/result.pdf>
Package pdftex.def Info: ../fei_examples/Drucker_Prager_Armstrong_Frederick/2pu
re_shear_cyclic_loading/result.pdf used on input line 893.
(pdftex.def)             Requested size: 312.9803pt x 233.01584pt.
 
AED: lastpage setting LastPage
[29 <../fei_examples/Drucker_Prager_Armstrong_Frederick/2pure_shear_cyclic_load
ing/result.pdf>]
Package atveryend Info: Empty hook `BeforeClearDocument' on input line 906.
Package atveryend Info: Empty hook `AfterLastShipout' on input line 906.
 (./education_example_document.aux)
Package atveryend Info: Executing hook `AtVeryEndDocument' on input line 906.
Package atveryend Info: Executing hook `AtEndAfterFileList' on input line 906.
Package rerunfilecheck Info: File `education_example_document.out' has not chan
ged.
(rerunfilecheck)             Checksum: 3AAA4A9AD93DE33B8D577C31100C975A;2189.


LaTeX Warning: There were multiply-defined labels.

 ) 
Here is how much of TeX's memory you used:
 19308 strings out of 493304
 327103 string characters out of 6139871
 472367 words of memory out of 5000000
 21921 multiletter control sequences out of 15000+600000
 21166 words of font info for 57 fonts, out of 8000000 for 9000
 957 hyphenation exceptions out of 8191
 68i,11n,98p,1579b,1458s stack positions out of 5000i,500n,10000p,200000b,80000s
{/usr/share/texmf/fonts/enc/dvips/cm-super/cm-super-t1.enc}</usr/share/texmf/
fonts/type1/public/cm-super/sfbx1095.pfb></usr/share/texmf/fonts/type1/public/c
m-super/sfbx1200.pfb></usr/share/texmf/fonts/type1/public/cm-super/sfbx1440.pfb
></usr/share/texmf/fonts/type1/public/cm-super/sfrm0600.pfb></usr/share/texmf/f
onts/type1/public/cm-super/sfrm1000.pfb></usr/share/texmf/fonts/type1/public/cm
-super/sfrm1095.pfb></usr/share/texmf/fonts/type1/public/cm-super/sfrm1200.pfb>
</usr/share/texmf/fonts/type1/public/cm-super/sfrm1728.pfb></usr/share/texmf/fo
nts/type1/public/cm-super/sfti1000.pfb></usr/share/texmf/fonts/type1/public/cm-
super/sftt1000.pfb>
Output written on education_example_document.pdf (29 pages, 600152 bytes).
PDF statistics:
 1614 PDF objects out of 1728 (max. 8388607)
 826 compressed objects within 9 object streams
 384 named destinations out of 1000 (max. 500000)
 321 words of extra memory for PDF output out of 10000 (max. 10000000)

